<?xml version="1.0" encoding="UTF-8"?>
<!-- Generated by org.testng.reporters.JUnitReportReporter -->
<testsuite skipped="0" hostname="umesh" name="com.netBankingTestCases.TC_LoginTest_001" tests="5" failures="0" timestamp="2020-08-08T11:30:00 IST" time="34.528" errors="0">
  <testcase name="titleTest" time="0.080" classname="com.netBankingTestCases.TC_LoginTest_001"/>
  <system-out/>
  <testcase name="loginTest" time="12.582" classname="com.netBankingTestCases.TC_LoginTest_001"/>
  <system-out/>
  <testcase name="loginTest" time="6.725" classname="com.netBankingTestCases.TC_LoginTest_001"/>
  <system-out/>
  <testcase name="loginTest" time="10.330" classname="com.netBankingTestCases.TC_LoginTest_001"/>
  <system-out/>
  <testcase name="loginTest" time="4.811" classname="com.netBankingTestCases.TC_LoginTest_001"/>
  <system-out/>
</testsuite> <!-- com.netBankingTestCases.TC_LoginTest_001 -->
