<?xml version="1.0" encoding="UTF-8"?>
<!-- Generated by org.testng.reporters.JUnitReportReporter -->
<testsuite skipped="0" hostname="umesh" name="com.netBankingTestCases.TC_ManagerIDTest" tests="1" failures="0" timestamp="2020-08-08T20:58:30 IST" time="14.884" errors="0">
  <testcase name="getManagerIDTest" time="14.884" classname="com.netBankingTestCases.TC_ManagerIDTest"/>
  <system-out/>
</testsuite> <!-- com.netBankingTestCases.TC_ManagerIDTest -->
