<?xml version="1.0" encoding="UTF-8"?>
<!-- Generated by org.testng.reporters.JUnitReportReporter -->
<testsuite skipped="0" hostname="umesh" name="com.netBankingTestCases.TC_LoginTest_001" tests="5" failures="0" timestamp="2020-08-08T17:51:51 IST" time="26.148" errors="0">
  <testcase name="loginTest" time="5.836" classname="com.netBankingTestCases.TC_LoginTest_001"/>
  <system-out/>
  <testcase name="loginTest" time="10.480" classname="com.netBankingTestCases.TC_LoginTest_001"/>
  <system-out/>
  <testcase name="loginTest" time="5.706" classname="com.netBankingTestCases.TC_LoginTest_001"/>
  <system-out/>
  <testcase name="loginTest" time="4.046" classname="com.netBankingTestCases.TC_LoginTest_001"/>
  <system-out/>
  <testcase name="titleTest" time="0.080" classname="com.netBankingTestCases.TC_LoginTest_001"/>
  <system-out/>
</testsuite> <!-- com.netBankingTestCases.TC_LoginTest_001 -->
