<?xml version="1.0" encoding="UTF-8"?>
<!-- Generated by org.testng.reporters.JUnitReportReporter -->
<testsuite skipped="0" hostname="umesh" name="com.netBankingTestCases.TC_LoginTest_001" tests="5" failures="0" timestamp="2020-09-19T20:03:09 IST" time="37.303" errors="0">
  <testcase name="loginTest" time="10.892" classname="com.netBankingTestCases.TC_LoginTest_001"/>
  <system-out/>
  <testcase name="titleTest" time="0.333" classname="com.netBankingTestCases.TC_LoginTest_001"/>
  <system-out/>
  <testcase name="loginTest" time="6.777" classname="com.netBankingTestCases.TC_LoginTest_001"/>
  <system-out/>
  <testcase name="loginTest" time="6.986" classname="com.netBankingTestCases.TC_LoginTest_001"/>
  <system-out/>
  <testcase name="loginTest" time="12.315" classname="com.netBankingTestCases.TC_LoginTest_001"/>
  <system-out/>
</testsuite> <!-- com.netBankingTestCases.TC_LoginTest_001 -->
