<?xml version="1.0" encoding="UTF-8"?>
<!-- Generated by org.testng.reporters.JUnitReportReporter -->
<testsuite skipped="0" hostname="umesh" name="com.netBankingTestCases.TC_LoginTest_001" tests="4" failures="0" timestamp="2020-08-08T00:27:35 IST" time="34.612" errors="0">
  <testcase name="loginTest" time="10.007" classname="com.netBankingTestCases.TC_LoginTest_001"/>
  <system-out/>
  <testcase name="loginTest" time="15.026" classname="com.netBankingTestCases.TC_LoginTest_001"/>
  <system-out/>
  <testcase name="titleTest" time="0.045" classname="com.netBankingTestCases.TC_LoginTest_001"/>
  <system-out/>
  <testcase name="loginTest" time="9.534" classname="com.netBankingTestCases.TC_LoginTest_001"/>
  <system-out/>
</testsuite> <!-- com.netBankingTestCases.TC_LoginTest_001 -->
