<?xml version="1.0" encoding="UTF-8"?>
<!-- Generated by org.testng.reporters.JUnitReportReporter -->
<testsuite skipped="0" hostname="umesh" name="com.netBankingTestCases.TC_LoginTest_001" tests="6" failures="0" timestamp="2020-08-08T11:16:21 IST" time="42.874" errors="0">
  <testcase name="loginTest" time="4.491" classname="com.netBankingTestCases.TC_LoginTest_001"/>
  <system-out/>
  <testcase name="titleTest" time="0.036" classname="com.netBankingTestCases.TC_LoginTest_001"/>
  <system-out/>
  <testcase name="loginTest" time="6.863" classname="com.netBankingTestCases.TC_LoginTest_001"/>
  <system-out/>
  <testcase name="loginTest" time="5.356" classname="com.netBankingTestCases.TC_LoginTest_001"/>
  <system-out/>
  <testcase name="loginTest" time="23.582" classname="com.netBankingTestCases.TC_LoginTest_001"/>
  <system-out/>
  <testcase name="loginTest" time="2.546" classname="com.netBankingTestCases.TC_LoginTest_001"/>
  <system-out/>
</testsuite> <!-- com.netBankingTestCases.TC_LoginTest_001 -->
